<?xml version="1.0" encoding="UTF-8"?>
<testsuite xmlns:xsi="http://www.w3.org/2001/XMLSchema-instance" xsi:noNamespaceSchemaLocation="https://maven.apache.org/surefire/maven-surefire-plugin/xsd/surefire-test-report.xsd" name="co.edu.icesi.zoowebpage.controller.AnimalControllerTest" time="0.543" tests="5" errors="0" skipped="0" failures="0">
  <properties>
[...]
</properties>
  <testcase name="createsAnimalWithoutParents" classname="co.edu.icesi.zoowebpage.controller.AnimalControllerTest" time="0.504"/>
  <testcase name="createsAnimalWithParents" classname="co.edu.icesi.zoowebpage.controller.AnimalControllerTest" time="0.003"/>
  <testcase name="findsAnimalUsingId" classname="co.edu.icesi.zoowebpage.controller.AnimalControllerTest" time="0.001"/>
  <testcase name="getsAnimals" classname="co.edu.icesi.zoowebpage.controller.AnimalControllerTest" time="0.004"/>
  <testcase name="findsAnimalName" classname="co.edu.icesi.zoowebpage.controller.AnimalControllerTest" time="0.002"/>
</testsuite>