<?xml version="1.0" encoding="UTF-8"?>
<testsuite xmlns:xsi="http://www.w3.org/2001/XMLSchema-instance" xsi:noNamespaceSchemaLocation="https://maven.apache.org/surefire/maven-surefire-plugin/xsd/surefire-test-report.xsd" name="co.edu.icesi.zoowebpage.integration.CreateAnimalIntegrationTest" time="10.622" tests="2" errors="1" skipped="0" failures="0">
  <properties>
[...]
</properties>
  <testcase name="createAnimalNoParents" classname="co.edu.icesi.zoowebpage.integration.CreateAnimalIntegrationTest" time="0.747">
    <error message=" &#10; at [Source: (String)&quot;{&quot;id&quot;:&quot;1f92b95c-1c9e-48fa-8a25-744dd7253ea6&quot;,&quot;name&quot;:&quot;King Julien&quot;,&quot;sex&quot;:&quot;M&quot;,&quot;weight&quot;:1900.0,&quot;age&quot;:12.0,&quot;height&quot;:98.0,&quot;arrivalDate&quot;:&quot;2022-10-21T13:31:13&quot;}&quot;; line: 1, column: 132] (through reference chain: co.edu.icesi.zoowebpage.dto.AnimalDTO[&quot;arrivalDate&quot;])" type="com.fasterxml.jackson.databind.exc.InvalidFormatException">com.fasterxml.jackson.databind.exc.InvalidFormatException: 
 
 at [Source: (String)"{"id":"1f92b95c-1c9e-48fa-8a25-744dd7253ea6","name":"King Julien","sex":"M","weight":1900.0,"age":12.0,"height":98.0,"arrivalDate":"2022-10-21T13:31:13"}"; line: 1, column: 132] (through reference chain: co.edu.icesi.zoowebpage.dto.AnimalDTO["arrivalDate"])
	at co.edu.icesi.zoowebpage.integration.CreateAnimalIntegrationTest.createAnimalNoParents(CreateAnimalIntegrationTest.java:63)
</error>
    <system-out><![CDATA[01:11:49.473 [main] DEBUG org.springframework.test.context.BootstrapUtils - Instantiating CacheAwareContextLoaderDelegate from class [org.springframework.test.context.cache.DefaultCacheAwareContextLoaderDelegate]
01:11:49.488 [main] DEBUG org.springframework.test.context.BootstrapUtils - Instantiating BootstrapContext using constructor [public org.springframework.test.context.support.DefaultBootstrapContext(java.lang.Class,org.springframework.test.context.CacheAwareContextLoaderDelegate)]
01:11:49.544 [main] DEBUG org.springframework.test.context.BootstrapUtils - Instantiating TestContextBootstrapper for test class [co.edu.icesi.zoowebpage.integration.CreateAnimalIntegrationTest] from class [org.springframework.boot.test.context.SpringBootTestContextBootstrapper]
01:11:49.574 [main] DEBUG org.springframework.test.context.support.AbstractContextLoader - Did not detect default resource location for test class [co.edu.icesi.zoowebpage.integration.CreateAnimalIntegrationTest]: class path resource [co/edu/icesi/zoowebpage/integration/CreateAnimalIntegrationTest-context.xml] does not exist
01:11:49.575 [main] DEBUG org.springframework.test.context.support.AbstractContextLoader - Did not detect default resource location for test class [co.edu.icesi.zoowebpage.integration.CreateAnimalIntegrationTest]: class path resource [co/edu/icesi/zoowebpage/integration/CreateAnimalIntegrationTestContext.groovy] does not exist
01:11:49.575 [main] INFO org.springframework.test.context.support.AbstractContextLoader - Could not detect default resource locations for test class [co.edu.icesi.zoowebpage.integration.CreateAnimalIntegrationTest]: no resource found for suffixes {-context.xml, Context.groovy}.
01:11:49.576 [main] INFO org.springframework.test.context.support.AnnotationConfigContextLoaderUtils - Could not detect default configuration classes for test class [co.edu.icesi.zoowebpage.integration.CreateAnimalIntegrationTest]: CreateAnimalIntegrationTest does not declare any static, non-private, non-final, nested classes annotated with @Configuration.
01:11:49.766 [main] DEBUG org.springframework.context.annotation.ClassPathScanningCandidateComponentProvider - Identified candidate component class: file [D:\OneDrive - Universidad Icesi (@icesi.edu.co)\Universidad\6 semestre\Papu net\SpringZooProject\Spring-zoo-project\target\classes\co\edu\icesi\zoowebpage\ZooWebPageApplication.class]
01:11:49.767 [main] INFO org.springframework.boot.test.context.SpringBootTestContextBootstrapper - Found @SpringBootConfiguration co.edu.icesi.zoowebpage.ZooWebPageApplication for test class co.edu.icesi.zoowebpage.integration.CreateAnimalIntegrationTest
01:11:49.910 [main] DEBUG org.springframework.boot.test.context.SpringBootTestContextBootstrapper - @TestExecutionListeners is not present for class [co.edu.icesi.zoowebpage.integration.CreateAnimalIntegrationTest]: using defaults.
01:11:49.911 [main] INFO org.springframework.boot.test.context.SpringBootTestContextBootstrapper - Loaded default TestExecutionListener class names from location [META-INF/spring.factories]: [org.springframework.boot.test.mock.mockito.MockitoTestExecutionListener, org.springframework.boot.test.mock.mockito.ResetMocksTestExecutionListener, org.springframework.boot.test.autoconfigure.restdocs.RestDocsTestExecutionListener, org.springframework.boot.test.autoconfigure.web.client.MockRestServiceServerResetTestExecutionListener, org.springframework.boot.test.autoconfigure.web.servlet.MockMvcPrintOnlyOnFailureTestExecutionListener, org.springframework.boot.test.autoconfigure.web.servlet.WebDriverTestExecutionListener, org.springframework.boot.test.autoconfigure.webservices.client.MockWebServiceServerTestExecutionListener, org.springframework.test.context.web.ServletTestExecutionListener, org.springframework.test.context.support.DirtiesContextBeforeModesTestExecutionListener, org.springframework.test.context.event.ApplicationEventsTestExecutionListener, org.springframework.test.context.support.DependencyInjectionTestExecutionListener, org.springframework.test.context.support.DirtiesContextTestExecutionListener, org.springframework.test.context.transaction.TransactionalTestExecutionListener, org.springframework.test.context.jdbc.SqlScriptsTestExecutionListener, org.springframework.test.context.event.EventPublishingTestExecutionListener]
01:11:49.939 [main] INFO org.springframework.boot.test.context.SpringBootTestContextBootstrapper - Using TestExecutionListeners: [org.springframework.test.context.web.ServletTestExecutionListener@49798e84, org.springframework.test.context.support.DirtiesContextBeforeModesTestExecutionListener@6ed06f69, org.springframework.test.context.event.ApplicationEventsTestExecutionListener@3015db78, org.springframework.boot.test.mock.mockito.MockitoTestExecutionListener@515ebef3, org.springframework.boot.test.autoconfigure.SpringBootDependencyInjectionTestExecutionListener@545607f2, org.springframework.test.context.support.DirtiesContextTestExecutionListener@39109136, org.springframework.test.context.transaction.TransactionalTestExecutionListener@27c04377, org.springframework.test.context.jdbc.SqlScriptsTestExecutionListener@34dc85a, org.springframework.test.context.event.EventPublishingTestExecutionListener@67403656, org.springframework.boot.test.mock.mockito.ResetMocksTestExecutionListener@5a6482a9, org.springframework.boot.test.autoconfigure.restdocs.RestDocsTestExecutionListener@7f9ab969, org.springframework.boot.test.autoconfigure.web.client.MockRestServiceServerResetTestExecutionListener@12f8b1d8, org.springframework.boot.test.autoconfigure.web.servlet.MockMvcPrintOnlyOnFailureTestExecutionListener@746cd757, org.springframework.boot.test.autoconfigure.web.servlet.WebDriverTestExecutionListener@ae372b9, org.springframework.boot.test.autoconfigure.webservices.client.MockWebServiceServerTestExecutionListener@2098d37d]
01:11:49.946 [main] DEBUG org.springframework.test.context.support.AbstractDirtiesContextTestExecutionListener - Before test class: context [DefaultTestContext@7abe27bf testClass = CreateAnimalIntegrationTest, testInstance = [null], testMethod = [null], testException = [null], mergedContextConfiguration = [WebMergedContextConfiguration@5b94ccbc testClass = CreateAnimalIntegrationTest, locations = '{}', classes = '{class co.edu.icesi.zoowebpage.ZooWebPageApplication}', contextInitializerClasses = '[]', activeProfiles = '{test}', propertySourceLocations = '{}', propertySourceProperties = '{spring.datasource.url=jdbc:h2:mem:testdb, org.springframework.boot.test.context.SpringBootTestContextBootstrapper=true, server.port=0}', contextCustomizers = set[[ImportsContextCustomizer@38a1c423 key = [co.edu.icesi.zoowebpage.integration.config.InitialDataConfig]], org.springframework.boot.test.context.filter.ExcludeFilterContextCustomizer@77e80a5e, org.springframework.boot.test.json.DuplicateJsonObjectContextCustomizerFactory$DuplicateJsonObjectContextCustomizer@253c1256, org.springframework.boot.test.mock.mockito.MockitoContextCustomizer@0, org.springframework.boot.test.web.client.TestRestTemplateContextCustomizer@40147317, org.springframework.boot.test.autoconfigure.actuate.metrics.MetricsExportContextCustomizerFactory$DisableMetricExportContextCustomizer@4287d447, org.springframework.boot.test.autoconfigure.properties.PropertyMappingContextCustomizer@0, org.springframework.boot.test.autoconfigure.web.servlet.WebDriverContextCustomizerFactory$Customizer@3569edd5, org.springframework.boot.test.context.SpringBootTestArgs@1, org.springframework.boot.test.context.SpringBootTestWebEnvironment@3ffcd140], resourceBasePath = 'src/main/webapp', contextLoader = 'org.springframework.boot.test.context.SpringBootContextLoader', parent = [null]], attributes = map['org.springframework.test.context.web.ServletTestExecutionListener.activateListener' -> false]], class annotated with @DirtiesContext [false] with mode [null].
01:11:49.958 [main] DEBUG org.springframework.test.context.support.DependencyInjectionTestExecutionListener - Performing dependency injection for test context [[DefaultTestContext@7abe27bf testClass = CreateAnimalIntegrationTest, testInstance = co.edu.icesi.zoowebpage.integration.CreateAnimalIntegrationTest@6136998b, testMethod = [null], testException = [null], mergedContextConfiguration = [WebMergedContextConfiguration@5b94ccbc testClass = CreateAnimalIntegrationTest, locations = '{}', classes = '{class co.edu.icesi.zoowebpage.ZooWebPageApplication}', contextInitializerClasses = '[]', activeProfiles = '{test}', propertySourceLocations = '{}', propertySourceProperties = '{spring.datasource.url=jdbc:h2:mem:testdb, org.springframework.boot.test.context.SpringBootTestContextBootstrapper=true, server.port=0}', contextCustomizers = set[[ImportsContextCustomizer@38a1c423 key = [co.edu.icesi.zoowebpage.integration.config.InitialDataConfig]], org.springframework.boot.test.context.filter.ExcludeFilterContextCustomizer@77e80a5e, org.springframework.boot.test.json.DuplicateJsonObjectContextCustomizerFactory$DuplicateJsonObjectContextCustomizer@253c1256, org.springframework.boot.test.mock.mockito.MockitoContextCustomizer@0, org.springframework.boot.test.web.client.TestRestTemplateContextCustomizer@40147317, org.springframework.boot.test.autoconfigure.actuate.metrics.MetricsExportContextCustomizerFactory$DisableMetricExportContextCustomizer@4287d447, org.springframework.boot.test.autoconfigure.properties.PropertyMappingContextCustomizer@0, org.springframework.boot.test.autoconfigure.web.servlet.WebDriverContextCustomizerFactory$Customizer@3569edd5, org.springframework.boot.test.context.SpringBootTestArgs@1, org.springframework.boot.test.context.SpringBootTestWebEnvironment@3ffcd140], resourceBasePath = 'src/main/webapp', contextLoader = 'org.springframework.boot.test.context.SpringBootContextLoader', parent = [null]], attributes = map['org.springframework.test.context.web.ServletTestExecutionListener.activateListener' -> false, 'org.springframework.test.context.event.ApplicationEventsTestExecutionListener.recordApplicationEvents' -> false]]].

  .   ____          _            __ _ _
 /\\ / ___'_ __ _ _(_)_ __  __ _ \ \ \ \
( ( )\___ | '_ | '_| | '_ \/ _` | \ \ \ \
 \\/  ___)| |_)| | | | | || (_| |  ) ) ) )
  '  |____| .__|_| |_|_| |_\__, | / / / /
 =========|_|==============|___/=/_/_/_/
 :: Spring Boot ::                (v2.7.3)

2022-10-23 01:11:50.615  INFO 10544 --- [           main] c.e.i.z.i.CreateAnimalIntegrationTest    : Starting CreateAnimalIntegrationTest using Java 18.0.2 on tenneK with PID 10544 (started by kesas in D:\OneDrive - Universidad Icesi (@icesi.edu.co)\Universidad\6 semestre\Papu net\SpringZooProject\Spring-zoo-project)
2022-10-23 01:11:50.618  INFO 10544 --- [           main] c.e.i.z.i.CreateAnimalIntegrationTest    : The following 1 profile is active: "test"
2022-10-23 01:11:51.529  INFO 10544 --- [           main] .s.d.r.c.RepositoryConfigurationDelegate : Bootstrapping Spring Data JPA repositories in DEFAULT mode.
2022-10-23 01:11:51.618  INFO 10544 --- [           main] .s.d.r.c.RepositoryConfigurationDelegate : Finished Spring Data repository scanning in 76 ms. Found 1 JPA repository interfaces.
2022-10-23 01:11:53.399  INFO 10544 --- [           main] o.s.b.w.embedded.tomcat.TomcatWebServer  : Tomcat initialized with port(s): 0 (http)
2022-10-23 01:11:53.413  INFO 10544 --- [           main] o.apache.catalina.core.StandardService   : Starting service [Tomcat]
2022-10-23 01:11:53.413  INFO 10544 --- [           main] org.apache.catalina.core.StandardEngine  : Starting Servlet engine: [Apache Tomcat/9.0.65]
2022-10-23 01:11:53.704  INFO 10544 --- [           main] o.a.c.c.C.[Tomcat].[localhost].[/]       : Initializing Spring embedded WebApplicationContext
2022-10-23 01:11:53.705  INFO 10544 --- [           main] w.s.c.ServletWebServerApplicationContext : Root WebApplicationContext: initialization completed in 3039 ms
2022-10-23 01:11:54.280  INFO 10544 --- [           main] com.zaxxer.hikari.HikariDataSource       : HikariPool-1 - Starting...
2022-10-23 01:11:54.597  INFO 10544 --- [           main] com.zaxxer.hikari.HikariDataSource       : HikariPool-1 - Start completed.
2022-10-23 01:11:54.687  INFO 10544 --- [           main] liquibase.database                       : Set default schema name to PUBLIC
2022-10-23 01:11:54.985  INFO 10544 --- [           main] liquibase.lockservice                    : Successfully acquired change log lock
2022-10-23 01:11:55.680  INFO 10544 --- [           main] liquibase.changelog                      : Creating database history table with name: PUBLIC.DATABASECHANGELOG
2022-10-23 01:11:55.688  INFO 10544 --- [           main] liquibase.changelog                      : Reading from PUBLIC.DATABASECHANGELOG
Running Changeset: db.changelog/createAnimal.xml::33d4e9bc-7210-47c3-9617-c56ab7c0750d::Kennet_Sánchez
2022-10-23 01:11:55.845  INFO 10544 --- [           main] liquibase.changelog                      : Table animals created
2022-10-23 01:11:55.846  INFO 10544 --- [           main] liquibase.changelog                      : ChangeSet db.changelog/createAnimal.xml::33d4e9bc-7210-47c3-9617-c56ab7c0750d::Kennet_Sánchez ran successfully in 10ms
2022-10-23 01:11:55.856  INFO 10544 --- [           main] liquibase.lockservice                    : Successfully released change log lock
2022-10-23 01:11:56.113  INFO 10544 --- [           main] o.hibernate.jpa.internal.util.LogHelper  : HHH000204: Processing PersistenceUnitInfo [name: default]
2022-10-23 01:11:56.201  INFO 10544 --- [           main] org.hibernate.Version                    : HHH000412: Hibernate ORM core version 5.6.10.Final
2022-10-23 01:11:56.261  INFO 10544 --- [           main] o.hibernate.annotations.common.Version   : HCANN000001: Hibernate Commons Annotations {5.1.2.Final}
2022-10-23 01:11:56.470  INFO 10544 --- [           main] org.hibernate.dialect.Dialect            : HHH000400: Using dialect: org.hibernate.dialect.H2Dialect
2022-10-23 01:11:57.165  INFO 10544 --- [           main] o.h.e.t.j.p.i.JtaPlatformInitiator       : HHH000490: Using JtaPlatform implementation: [org.hibernate.engine.transaction.jta.platform.internal.NoJtaPlatform]
2022-10-23 01:11:57.178  INFO 10544 --- [           main] j.LocalContainerEntityManagerFactoryBean : Initialized JPA EntityManagerFactory for persistence unit 'default'
2022-10-23 01:11:58.149  WARN 10544 --- [           main] JpaBaseConfiguration$JpaWebConfiguration : spring.jpa.open-in-view is enabled by default. Therefore, database queries may be performed during view rendering. Explicitly configure spring.jpa.open-in-view to disable this warning
2022-10-23 01:11:59.204  INFO 10544 --- [           main] o.s.b.w.embedded.tomcat.TomcatWebServer  : Tomcat started on port(s): 56662 (http) with context path ''
2022-10-23 01:11:59.218  INFO 10544 --- [           main] c.e.i.z.i.CreateAnimalIntegrationTest    : Started CreateAnimalIntegrationTest in 9.211 seconds (JVM running for 12.081)
2022-10-23 01:11:59.244  INFO 10544 --- [           main] o.a.c.c.C.[Tomcat].[localhost].[/]       : Initializing Spring TestDispatcherServlet ''
2022-10-23 01:11:59.245  INFO 10544 --- [           main] o.s.t.web.servlet.TestDispatcherServlet  : Initializing Servlet ''
2022-10-23 01:11:59.246  INFO 10544 --- [           main] o.s.t.web.servlet.TestDispatcherServlet  : Completed initialization in 1 ms
]]></system-out>
  </testcase>
  <testcase name="createAnimalRepeated" classname="co.edu.icesi.zoowebpage.integration.CreateAnimalIntegrationTest" time="0.01"/>
</testsuite>